[debug] [2020-04-08T14:17:38.589Z] ----------------------------------------------------------------------
[debug] [2020-04-08T14:17:38.590Z] Command:       C:\Program Files\nodejs\node.exe C:\Users\prama\AppData\Roaming\npm\node_modules\firebase-tools\lib\bin\firebase.js use --add
[debug] [2020-04-08T14:17:38.590Z] CLI Version:   7.14.0
[debug] [2020-04-08T14:17:38.590Z] Platform:      win32
[debug] [2020-04-08T14:17:38.590Z] Node Version:  v10.16.0
[debug] [2020-04-08T14:17:38.591Z] Time:          Wed Apr 08 2020 19:47:38 GMT+0530 (India Standard Time)
[debug] [2020-04-08T14:17:38.591Z] ----------------------------------------------------------------------
[debug] [2020-04-08T14:17:38.591Z] 
[debug] [2020-04-08T14:17:38.597Z] > command requires scopes: ["email","openid","https://www.googleapis.com/auth/cloudplatformprojects.readonly","https://www.googleapis.com/auth/firebase","https://www.googleapis.com/auth/cloud-platform"]
[debug] [2020-04-08T14:17:38.597Z] > authorizing via signed-in user
[debug] [2020-04-08T14:17:38.599Z] >>> HTTP REQUEST GET https://firebase.googleapis.com/v1beta1/projects?pageSize=1000  
 
[debug] [2020-04-08T14:17:45.431Z] <<< HTTP RESPONSE 200
[debug] [2020-04-08T14:25:25.893Z] ----------------------------------------------------------------------
[debug] [2020-04-08T14:25:25.895Z] Command:       C:\Program Files\nodejs\node.exe C:\Users\prama\AppData\Roaming\npm\node_modules\firebase-tools\lib\bin\firebase.js deploy
[debug] [2020-04-08T14:25:25.895Z] CLI Version:   7.14.0
[debug] [2020-04-08T14:25:25.895Z] Platform:      win32
[debug] [2020-04-08T14:25:25.895Z] Node Version:  v10.16.0
[debug] [2020-04-08T14:25:25.896Z] Time:          Wed Apr 08 2020 19:55:25 GMT+0530 (India Standard Time)
[debug] [2020-04-08T14:25:25.896Z] ----------------------------------------------------------------------
[debug] [2020-04-08T14:25:25.896Z] 
[debug] [2020-04-08T14:25:25.901Z] > command requires scopes: ["email","openid","https://www.googleapis.com/auth/cloudplatformprojects.readonly","https://www.googleapis.com/auth/firebase","https://www.googleapis.com/auth/cloud-platform"]
[debug] [2020-04-08T14:25:25.901Z] > authorizing via signed-in user
[debug] [2020-04-08T14:25:25.901Z] [iam] checking project covid-19-india-204a3 for permissions ["firebase.projects.get","firebasehosting.sites.update"]
[debug] [2020-04-08T14:25:25.903Z] >>> HTTP REQUEST POST https://cloudresourcemanager.googleapis.com/v1/projects/covid-19-india-204a3:testIamPermissions  

[debug] [2020-04-08T14:25:28.605Z] <<< HTTP RESPONSE 200
[debug] [2020-04-08T14:25:28.611Z] >>> HTTP REQUEST GET https://firebase.googleapis.com/v1beta1/projects/covid-19-india-204a3  
 
[debug] [2020-04-08T14:25:35.834Z] <<< HTTP RESPONSE 500
[debug] [2020-04-08T14:25:35.835Z] <<< HTTP RESPONSE BODY
[debug] [2020-04-08T14:25:35.840Z] HTTP Error: 500, Internal error encountered.
[debug] [2020-04-08T14:25:36.144Z] FirebaseError: HTTP Error: 500, Internal error encountered.
    at module.exports (C:\Users\prama\AppData\Roaming\npm\node_modules\firebase-tools\lib\responseToError.js:38:12)
    at Request._callback (C:\Users\prama\AppData\Roaming\npm\node_modules\firebase-tools\lib\api.js:39:35)
    at Request.self.callback (C:\Users\prama\AppData\Roaming\npm\node_modules\firebase-tools\node_modules\request\request.js:185:22)
    at Request.emit (events.js:198:13)
    at Request.EventEmitter.emit (domain.js:448:20)
    at Request.<anonymous> (C:\Users\prama\AppData\Roaming\npm\node_modules\firebase-tools\node_modules\request\request.js:1154:10)
    at Request.emit (events.js:198:13)
    at Request.EventEmitter.emit (domain.js:448:20)
    at IncomingMessage.<anonymous> (C:\Users\prama\AppData\Roaming\npm\node_modules\firebase-tools\node_modules\request\request.js:1076:12)
    at Object.onceWrapper (events.js:286:20)
    at IncomingMessage.emit (events.js:203:15)
    at IncomingMessage.EventEmitter.emit (domain.js:448:20)
    at endReadableNT (_stream_readable.js:1129:12)
    at process._tickCallback (internal/process/next_tick.js:63:19)
[error] 
[error] Error: Failed to get Firebase project covid-19-india-204a3. Please make sure the project exists and your account has permission to access it.
